TN:
SF:src/index.js
FN:112,displayAchievements
FN:118,(anonymous_1)
FN:123,(anonymous_2)
FN:138,checkUserAchievements
FN:163,(anonymous_4)
FN:165,(anonymous_5)
FN:182,generateTemplate
FN:195,displayInfo
FN:211,main
FNF:9
FNH:3
FNDA:0,displayAchievements
FNDA:0,(anonymous_1)
FNDA:0,(anonymous_2)
FNDA:4,checkUserAchievements
FNDA:6,(anonymous_4)
FNDA:15,(anonymous_5)
FNDA:0,generateTemplate
FNDA:0,displayInfo
FNDA:0,main
DA:25,2
DA:26,2
DA:29,2
DA:36,2
DA:114,0
DA:115,0
DA:118,0
DA:120,0
DA:123,0
DA:125,0
DA:126,0
DA:127,0
DA:128,0
DA:139,4
DA:140,1
DA:141,1
DA:144,3
DA:146,3
DA:148,3
DA:149,1
DA:150,1
DA:151,2
DA:152,1
DA:153,1
DA:154,1
DA:155,1
DA:159,3
DA:160,3
DA:161,1
DA:163,2
DA:164,6
DA:165,6
DA:166,15
DA:167,15
DA:168,15
DA:169,15
DA:172,6
DA:176,3
DA:183,0
DA:186,0
DA:187,0
DA:189,0
DA:197,0
DA:198,0
DA:199,0
DA:200,0
DA:201,0
DA:202,0
DA:203,0
DA:204,0
DA:212,0
DA:214,0
DA:219,0
DA:224,0
DA:229,0
DA:234,0
DA:240,0
DA:241,0
DA:242,0
DA:245,0
DA:260,2
DA:261,0
LF:62
LH:30
BRDA:139,0,0,1
BRDA:139,0,1,3
BRDA:148,1,0,1
BRDA:148,1,1,2
BRDA:151,2,0,1
BRDA:151,2,1,1
BRDA:160,3,0,1
BRDA:160,3,1,2
BRDA:167,4,0,15
BRDA:167,4,1,0
BRDA:240,5,0,0
BRDA:240,5,1,0
BRDA:260,6,0,0
BRDA:260,6,1,2
BRF:14
BRH:10
end_of_record
TN:
SF:src/logger.js
FN:8,(anonymous_0)
FNF:1
FNH:0
FNDA:0,(anonymous_0)
DA:3,3
DA:9,0
LF:2
LH:1
BRF:0
BRH:0
end_of_record
