TN:
SF:src/index.js
FN:112,displayAchievements
FN:116,(anonymous_1)
FN:119,(anonymous_2)
FN:132,checkUserAchievements
FN:156,(anonymous_4)
FN:158,(anonymous_5)
FN:176,generateTemplate
FN:187,displayInfo
FN:201,main
FNF:9
FNH:3
FNDA:0,displayAchievements
FNDA:0,(anonymous_1)
FNDA:0,(anonymous_2)
FNDA:4,checkUserAchievements
FNDA:6,(anonymous_4)
FNDA:15,(anonymous_5)
FNDA:0,generateTemplate
FNDA:0,displayInfo
FNDA:0,main
DA:25,2
DA:26,2
DA:29,2
DA:36,2
DA:113,0
DA:114,0
DA:116,0
DA:117,0
DA:119,0
DA:120,0
DA:121,0
DA:122,0
DA:123,0
DA:133,4
DA:134,1
DA:135,1
DA:138,3
DA:140,3
DA:142,3
DA:143,1
DA:144,1
DA:145,2
DA:146,1
DA:147,1
DA:148,1
DA:149,1
DA:152,3
DA:154,3
DA:155,2
DA:156,2
DA:157,6
DA:158,6
DA:159,15
DA:160,15
DA:161,15
DA:163,0
DA:168,1
DA:170,3
DA:177,0
DA:179,0
DA:180,0
DA:181,0
DA:188,0
DA:189,0
DA:190,0
DA:191,0
DA:192,0
DA:193,0
DA:194,0
DA:195,0
DA:202,0
DA:204,0
DA:209,0
DA:214,0
DA:219,0
DA:224,0
DA:230,0
DA:231,0
DA:232,0
DA:235,0
DA:250,2
DA:251,0
LF:62
LH:29
BRDA:133,0,0,1
BRDA:133,0,1,3
BRDA:142,1,0,1
BRDA:142,1,1,2
BRDA:145,2,0,1
BRDA:145,2,1,1
BRDA:154,3,0,2
BRDA:154,3,1,1
BRDA:160,4,0,15
BRDA:160,4,1,0
BRDA:230,5,0,0
BRDA:230,5,1,0
BRDA:250,6,0,0
BRDA:250,6,1,2
BRF:14
BRH:10
end_of_record
TN:
SF:src/logger.js
FN:8,(anonymous_0)
FNF:1
FNH:0
FNDA:0,(anonymous_0)
DA:3,3
DA:9,0
LF:2
LH:1
BRF:0
BRH:0
end_of_record
